<?xml version="1.0" encoding="UTF-8"?>
<!-- Generated by org.testng.reporters.JUnitXMLReporter -->
<testsuite ignored="0" hostname="G" failures="0" tests="9" name="Chrome Tests" time="463.453" errors="0" timestamp="2025-01-25T17:06:40 IST">
  <testcase classname="TestNG.Homepagetesting" name="@BeforeClass setup" time="0.027">
    <failure type="java.lang.NullPointerException" message="Cannot invoke &amp;quot;org.openqa.selenium.WebDriver.get(String)&amp;quot; because &amp;quot;this.driver&amp;quot; is null">
      <![CDATA[java.lang.NullPointerException: Cannot invoke "org.openqa.selenium.WebDriver.get(String)" because "this.driver" is null
at TestNG.Homepagetesting.setup(Homepagetesting.java:65)
at java.base/java.util.ArrayList.forEach(ArrayList.java:1597)
at java.base/java.util.concurrent.FutureTask.run(FutureTask.java:317)
at java.base/java.util.concurrent.ThreadPoolExecutor.runWorker(ThreadPoolExecutor.java:1144)
at java.base/java.util.concurrent.ThreadPoolExecutor$Worker.run(ThreadPoolExecutor.java:642)
at java.base/java.lang.Thread.run(Thread.java:1575)
... Removed 13 stack frames]]>
    </failure>
  </testcase> <!-- @BeforeClass setup -->
  <testcase classname="TestNG.Homepagetesting" name="navigationmenu" time="265.188"/>
  <testcase classname="TestNG.Homepagetesting" name="searchbar" time="7.626"/>
  <testcase classname="TestNG.Homepagetesting" name="programs" time="14.939"/>
  <testcase classname="TestNG.Homepagetesting" name="validateContactUs" time="3.705"/>
  <testcase classname="TestNG.Homepagetesting" name="login" time="18.202"/>
  <testcase classname="TestNG.Homepagetesting" name="register" time="18.918"/>
  <testcase classname="TestNG.Homepagetesting" name="forgotpassword" time="14.915"/>
  <testcase classname="TestNG.Homepagetesting" name="invalidpasslogin" time="8.809"/>
  <testcase classname="TestNG.Homepagetesting" name="invalidusernamelogin" time="10.222"/>
</testsuite> <!-- Chrome Tests -->
