<?xml version="1.0" encoding="UTF-8"?>
<!-- Generated by org.testng.reporters.JUnitXMLReporter -->
<testsuite ignored="0" hostname="G" failures="1" tests="2" name="Firefox Tests" time="0.454" errors="0" timestamp="2025-01-25T16:58:57 IST">
  <testcase classname="TestNG.Homepagetesting" name="navigationmenu" time="0.0">
    <skipped/>
  </testcase> <!-- navigationmenu -->
  <testcase classname="TestNG.Homepagetesting" name="navigationmenu" time="0.031">
    <failure type="java.lang.NullPointerException" message="Cannot invoke &amp;quot;com.aventstack.extentreports.ExtentTest.log(com.aventstack.extentreports.Status, String)&amp;quot; because &amp;quot;this.test&amp;quot; is null">
      <![CDATA[java.lang.NullPointerException: Cannot invoke "com.aventstack.extentreports.ExtentTest.log(com.aventstack.extentreports.Status, String)" because "this.test" is null
at TestNG.ExtentReportListener.onTestSkipped(ExtentReportListener.java:47)
at java.base/java.util.ArrayList.forEach(ArrayList.java:1597)
at java.base/java.util.concurrent.FutureTask.run(FutureTask.java:317)
at java.base/java.util.concurrent.ThreadPoolExecutor.runWorker(ThreadPoolExecutor.java:1144)
at java.base/java.util.concurrent.ThreadPoolExecutor$Worker.run(ThreadPoolExecutor.java:642)
at java.base/java.lang.Thread.run(Thread.java:1575)
... Removed 15 stack frames]]>
    </failure>
  </testcase> <!-- navigationmenu -->
</testsuite> <!-- Firefox Tests -->
