<?xml version="1.0" encoding="UTF-8"?>
<!-- Generated by org.testng.reporters.JUnitXMLReporter -->
<testsuite ignored="0" hostname="G" failures="0" tests="9" name="HomeTestFirefox" time="53.275" errors="0" timestamp="2025-01-26T14:50:17 IST">
  <testcase classname="Crossbrowser.CrossBrowserTesting" name="navigationmenu" time="0.0">
    <skipped/>
  </testcase> <!-- navigationmenu -->
  <testcase classname="Crossbrowser.CrossBrowserTesting" name="searchbar" time="0.0">
    <skipped/>
  </testcase> <!-- searchbar -->
  <testcase classname="Crossbrowser.CrossBrowserTesting" name="programsandservices" time="0.0">
    <skipped/>
  </testcase> <!-- programsandservices -->
  <testcase classname="Crossbrowser.CrossBrowserTesting" name="validateContactUs" time="0.0">
    <skipped/>
  </testcase> <!-- validateContactUs -->
  <testcase classname="Crossbrowser.CrossBrowserTesting" name="login" time="0.0">
    <skipped/>
  </testcase> <!-- login -->
  <testcase classname="Crossbrowser.CrossBrowserTesting" name="register" time="0.0">
    <skipped/>
  </testcase> <!-- register -->
  <testcase classname="Crossbrowser.CrossBrowserTesting" name="forgotpassword" time="0.0">
    <skipped/>
  </testcase> <!-- forgotpassword -->
  <testcase classname="Crossbrowser.CrossBrowserTesting" name="invalidpasslogin" time="0.0">
    <skipped/>
  </testcase> <!-- invalidpasslogin -->
  <testcase classname="Crossbrowser.CrossBrowserTesting" name="invalidusernamelogin" time="0.0">
    <skipped/>
  </testcase> <!-- invalidusernamelogin -->
</testsuite> <!-- HomeTestFirefox -->
