<?xml version="1.0" encoding="UTF-8"?>
<testng-results ignored="0" total="9" passed="9" failed="0" skipped="0">
  <reporter-output>
  </reporter-output>
  <suite started-at="2025-01-25T16:58:56 IST" name="Parallel Suite" finished-at="2025-01-25T17:06:40 IST" duration-ms="463453">
    <groups>
    </groups>
    <test started-at="2025-01-25T16:58:56 IST" name="Chrome Tests" finished-at="2025-01-25T17:06:40 IST" duration-ms="463453">
      <class name="TestNG.Homepagetesting">
        <test-method is-config="true" signature="setup(java.lang.String)[pri:0, instance:TestNG.Homepagetesting@350aac89]" started-at="2025-01-25T16:58:56 IST" name="setup" finished-at="2025-01-25T17:00:36 IST" duration-ms="99681" status="PASS">
          <params>
            <param index="0">
              <value>
                <![CDATA[chrome]]>
              </value>
            </param>
          </params>
          <reporter-output>
          </reporter-output>
        </test-method> <!-- setup -->
        <test-method signature="navigationmenu()[pri:1, instance:TestNG.Homepagetesting@350aac89]" started-at="2025-01-25T17:00:36 IST" name="navigationmenu" finished-at="2025-01-25T17:05:01 IST" duration-ms="265188" status="PASS">
          <reporter-output>
          </reporter-output>
        </test-method> <!-- navigationmenu -->
        <test-method signature="searchbar()[pri:2, instance:TestNG.Homepagetesting@350aac89]" started-at="2025-01-25T17:05:01 IST" name="searchbar" finished-at="2025-01-25T17:05:09 IST" duration-ms="7626" status="PASS">
          <reporter-output>
          </reporter-output>
        </test-method> <!-- searchbar -->
        <test-method signature="programs()[pri:3, instance:TestNG.Homepagetesting@350aac89]" started-at="2025-01-25T17:05:09 IST" name="programs" finished-at="2025-01-25T17:05:24 IST" duration-ms="14939" status="PASS">
          <reporter-output>
          </reporter-output>
        </test-method> <!-- programs -->
        <test-method signature="validateContactUs()[pri:4, instance:TestNG.Homepagetesting@350aac89]" started-at="2025-01-25T17:05:24 IST" name="validateContactUs" finished-at="2025-01-25T17:05:28 IST" duration-ms="3705" status="PASS">
          <reporter-output>
          </reporter-output>
        </test-method> <!-- validateContactUs -->
        <test-method signature="login(java.lang.String,java.lang.String)[pri:5, instance:TestNG.Homepagetesting@350aac89]" started-at="2025-01-25T17:05:28 IST" name="login" data-provider="loginData" finished-at="2025-01-25T17:05:46 IST" duration-ms="18202" status="PASS">
          <params>
            <param index="0">
              <value>
                <![CDATA[Mike24]]>
              </value>
            </param>
            <param index="1">
              <value>
                <![CDATA[Mike24123!]]>
              </value>
            </param>
          </params>
          <reporter-output>
          </reporter-output>
        </test-method> <!-- login -->
        <test-method signature="register(java.lang.String,java.lang.String,java.lang.String)[pri:6, instance:TestNG.Homepagetesting@350aac89]" started-at="2025-01-25T17:05:46 IST" name="register" data-provider="registerData" finished-at="2025-01-25T17:06:05 IST" duration-ms="18918" status="PASS">
          <params>
            <param index="0">
              <value>
                <![CDATA[Mike26]]>
              </value>
            </param>
            <param index="1">
              <value>
                <![CDATA[mike26@example.com]]>
              </value>
            </param>
            <param index="2">
              <value>
                <![CDATA[Mike24123!]]>
              </value>
            </param>
          </params>
          <reporter-output>
          </reporter-output>
        </test-method> <!-- register -->
        <test-method signature="forgotpassword()[pri:7, instance:TestNG.Homepagetesting@350aac89]" started-at="2025-01-25T17:06:05 IST" name="forgotpassword" finished-at="2025-01-25T17:06:20 IST" duration-ms="14915" status="PASS">
          <reporter-output>
          </reporter-output>
        </test-method> <!-- forgotpassword -->
        <test-method signature="invalidpasslogin()[pri:8, instance:TestNG.Homepagetesting@350aac89]" started-at="2025-01-25T17:06:20 IST" name="invalidpasslogin" finished-at="2025-01-25T17:06:29 IST" duration-ms="8809" status="PASS">
          <reporter-output>
          </reporter-output>
        </test-method> <!-- invalidpasslogin -->
        <test-method signature="invalidusernamelogin()[pri:9, instance:TestNG.Homepagetesting@350aac89]" started-at="2025-01-25T17:06:29 IST" name="invalidusernamelogin" finished-at="2025-01-25T17:06:39 IST" duration-ms="10222" status="PASS">
          <reporter-output>
          </reporter-output>
        </test-method> <!-- invalidusernamelogin -->
        <test-method is-config="true" signature="tearDown()[pri:0, instance:TestNG.Homepagetesting@350aac89]" started-at="2025-01-25T17:06:39 IST" name="tearDown" finished-at="2025-01-25T17:06:40 IST" duration-ms="841" status="PASS">
          <reporter-output>
          </reporter-output>
        </test-method> <!-- tearDown -->
      </class> <!-- TestNG.Homepagetesting -->
    </test> <!-- Chrome Tests -->
  </suite> <!-- Parallel Suite -->
</testng-results>
