<?xml version="1.0" encoding="UTF-8"?>
<testng-results ignored="0" total="9" passed="9" failed="0" skipped="0">
  <reporter-output>
  </reporter-output>
  <suite started-at="2025-01-26T16:02:01 IST" name="Suite" finished-at="2025-01-26T16:11:46 IST" duration-ms="585573">
    <groups>
    </groups>
    <test started-at="2025-01-26T16:02:01 IST" name="Chrome Tests" finished-at="2025-01-26T16:11:46 IST" duration-ms="585573">
      <class name="TestNG.MainTestng">
        <test-method is-config="true" signature="setup(java.lang.String)[pri:0, instance:TestNG.MainTestng@350aac89]" started-at="2025-01-26T16:02:01 IST" name="setup" finished-at="2025-01-26T16:04:03 IST" duration-ms="122723" status="PASS">
          <params>
            <param index="0">
              <value>
                <![CDATA[chrome]]>
              </value>
            </param>
          </params>
          <reporter-output>
          </reporter-output>
        </test-method> <!-- setup -->
        <test-method signature="navigationmenu()[pri:1, instance:TestNG.MainTestng@350aac89]" started-at="2025-01-26T16:04:03 IST" name="navigationmenu" finished-at="2025-01-26T16:10:41 IST" duration-ms="397795" status="PASS">
          <reporter-output>
          </reporter-output>
        </test-method> <!-- navigationmenu -->
        <test-method signature="searchbar()[pri:2, instance:TestNG.MainTestng@350aac89]" started-at="2025-01-26T16:10:41 IST" name="searchbar" finished-at="2025-01-26T16:10:43 IST" duration-ms="1815" status="PASS">
          <reporter-output>
          </reporter-output>
        </test-method> <!-- searchbar -->
        <test-method signature="programsandservices()[pri:3, instance:TestNG.MainTestng@350aac89]" started-at="2025-01-26T16:10:43 IST" name="programsandservices" finished-at="2025-01-26T16:10:49 IST" duration-ms="5748" status="PASS">
          <reporter-output>
          </reporter-output>
        </test-method> <!-- programsandservices -->
        <test-method signature="validateContactUs()[pri:4, instance:TestNG.MainTestng@350aac89]" started-at="2025-01-26T16:10:49 IST" name="validateContactUs" finished-at="2025-01-26T16:10:51 IST" duration-ms="2549" status="PASS">
          <reporter-output>
          </reporter-output>
        </test-method> <!-- validateContactUs -->
        <test-method signature="login(java.lang.String,java.lang.String)[pri:5, instance:TestNG.MainTestng@350aac89]" started-at="2025-01-26T16:10:51 IST" name="login" data-provider="loginData" finished-at="2025-01-26T16:11:05 IST" duration-ms="13245" status="PASS">
          <params>
            <param index="0">
              <value>
                <![CDATA[Mike24]]>
              </value>
            </param>
            <param index="1">
              <value>
                <![CDATA[Mike24123!]]>
              </value>
            </param>
          </params>
          <reporter-output>
          </reporter-output>
        </test-method> <!-- login -->
        <test-method signature="register(java.lang.String,java.lang.String,java.lang.String)[pri:6, instance:TestNG.MainTestng@350aac89]" started-at="2025-01-26T16:11:05 IST" name="register" data-provider="registerData" finished-at="2025-01-26T16:11:18 IST" duration-ms="13561" status="PASS">
          <params>
            <param index="0">
              <value>
                <![CDATA[Mike28]]>
              </value>
            </param>
            <param index="1">
              <value>
                <![CDATA[mike28@example.com]]>
              </value>
            </param>
            <param index="2">
              <value>
                <![CDATA[Mike24123!]]>
              </value>
            </param>
          </params>
          <reporter-output>
          </reporter-output>
        </test-method> <!-- register -->
        <test-method signature="forgotpassword()[pri:7, instance:TestNG.MainTestng@350aac89]" started-at="2025-01-26T16:11:18 IST" name="forgotpassword" finished-at="2025-01-26T16:11:30 IST" duration-ms="11650" status="PASS">
          <reporter-output>
          </reporter-output>
        </test-method> <!-- forgotpassword -->
        <test-method signature="invalidpasslogin()[pri:8, instance:TestNG.MainTestng@350aac89]" started-at="2025-01-26T16:11:30 IST" name="invalidpasslogin" finished-at="2025-01-26T16:11:39 IST" duration-ms="9302" status="PASS">
          <reporter-output>
          </reporter-output>
        </test-method> <!-- invalidpasslogin -->
        <test-method signature="invalidusernamelogin()[pri:9, instance:TestNG.MainTestng@350aac89]" started-at="2025-01-26T16:11:39 IST" name="invalidusernamelogin" finished-at="2025-01-26T16:11:46 IST" duration-ms="6558" status="PASS">
          <reporter-output>
          </reporter-output>
        </test-method> <!-- invalidusernamelogin -->
        <test-method is-config="true" signature="tearDown()[pri:0, instance:TestNG.MainTestng@350aac89]" started-at="2025-01-26T16:11:46 IST" name="tearDown" finished-at="2025-01-26T16:11:46 IST" duration-ms="414" status="PASS">
          <reporter-output>
          </reporter-output>
        </test-method> <!-- tearDown -->
      </class> <!-- TestNG.MainTestng -->
    </test> <!-- Chrome Tests -->
  </suite> <!-- Suite -->
</testng-results>
